[debug] [2018-04-18T07:06:21.488Z] ----------------------------------------------------------------------
[debug] [2018-04-18T07:06:21.491Z] Command:       /usr/local/Cellar/node/9.10.1/bin/node /usr/local/bin/firebase deploy
[debug] [2018-04-18T07:06:21.491Z] CLI Version:   3.18.4
[debug] [2018-04-18T07:06:21.491Z] Platform:      darwin
[debug] [2018-04-18T07:06:21.491Z] Node Version:  v9.10.1
[debug] [2018-04-18T07:06:21.492Z] Time:          Wed Apr 18 2018 10:06:21 GMT+0300 (MSK)
[debug] [2018-04-18T07:06:21.492Z] ----------------------------------------------------------------------
[debug] 
[debug] [2018-04-18T07:06:21.502Z] > command requires scopes: ["email","openid","https://www.googleapis.com/auth/cloudplatformprojects.readonly","https://www.googleapis.com/auth/firebase","https://www.googleapis.com/auth/cloud-platform"]
[debug] [2018-04-18T07:06:21.502Z] > authorizing via signed-in user
[debug] [2018-04-18T07:06:21.504Z] > refreshing access token with scopes: ["email","https://www.googleapis.com/auth/cloud-platform","https://www.googleapis.com/auth/cloudplatformprojects.readonly","https://www.googleapis.com/auth/firebase","openid"]
[debug] [2018-04-18T07:06:21.504Z] >>> HTTP REQUEST POST https://www.googleapis.com/oauth2/v3/token  
 { refresh_token: '1/0pUzByKUabo5rR0ZbEbT9aAVpmoJoJN9cf_5UpmzwWQ',
  client_id: '563584335869-fgrhgmd47bqnekij5i8b5pr03ho849e6.apps.googleusercontent.com',
  client_secret: 'j9iVZfS8kkCEFUPaAeJV0sAi',
  grant_type: 'refresh_token',
  scope: 'email https://www.googleapis.com/auth/cloud-platform https://www.googleapis.com/auth/cloudplatformprojects.readonly https://www.googleapis.com/auth/firebase openid' } 
 Wed Apr 18 2018 10:06:21 GMT+0300 (MSK)
[debug] [2018-04-18T07:06:21.728Z] <<< HTTP RESPONSE 200
[debug] [2018-04-18T07:06:21.754Z] >>> HTTP REQUEST GET https://admin.firebase.com/v1/projects/animals-bbfac  
  
 Wed Apr 18 2018 10:06:21 GMT+0300 (MSK)
[debug] [2018-04-18T07:06:22.627Z] <<< HTTP RESPONSE 200
[debug] [2018-04-18T07:06:22.627Z] >>> HTTP REQUEST GET https://admin.firebase.com/v1/database/animals-bbfac/tokens  
  
 Wed Apr 18 2018 10:06:22 GMT+0300 (MSK)
[debug] [2018-04-18T07:06:23.269Z] <<< HTTP RESPONSE 200
