[debug] [2018-05-02T13:31:01.256Z] ----------------------------------------------------------------------
[debug] [2018-05-02T13:31:01.259Z] Command:       /usr/local/Cellar/node/9.10.1/bin/node /usr/local/bin/firebase deploy --debug
[debug] [2018-05-02T13:31:01.260Z] CLI Version:   3.18.4
[debug] [2018-05-02T13:31:01.260Z] Platform:      darwin
[debug] [2018-05-02T13:31:01.260Z] Node Version:  v9.10.1
[debug] [2018-05-02T13:31:01.261Z] Time:          Wed May 02 2018 16:31:01 GMT+0300 (MSK)
[debug] [2018-05-02T13:31:01.261Z] ----------------------------------------------------------------------
[debug] 
[debug] [2018-05-02T13:31:01.277Z] > command requires scopes: ["email","openid","https://www.googleapis.com/auth/cloudplatformprojects.readonly","https://www.googleapis.com/auth/firebase","https://www.googleapis.com/auth/cloud-platform"]
[debug] [2018-05-02T13:31:01.277Z] > authorizing via signed-in user
[debug] [2018-05-02T13:31:01.279Z] >>> HTTP REQUEST GET https://admin.firebase.com/v1/projects/animals-bbfac  
  
 Wed May 02 2018 16:31:01 GMT+0300 (MSK)
[debug] [2018-05-02T13:31:08.193Z] <<< HTTP RESPONSE 200
[debug] [2018-05-02T13:31:08.194Z] >>> HTTP REQUEST GET https://admin.firebase.com/v1/database/animals-bbfac/tokens  
  
 Wed May 02 2018 16:31:08 GMT+0300 (MSK)
[debug] [2018-05-02T13:31:11.061Z] <<< HTTP RESPONSE 200
[debug] [2018-05-02T13:32:08.028Z] ----------------------------------------------------------------------
[debug] [2018-05-02T13:32:08.030Z] Command:       /usr/local/Cellar/node/9.10.1/bin/node /usr/local/bin/firebase deploy --only functions
[debug] [2018-05-02T13:32:08.030Z] CLI Version:   3.18.4
[debug] [2018-05-02T13:32:08.030Z] Platform:      darwin
[debug] [2018-05-02T13:32:08.030Z] Node Version:  v9.10.1
[debug] [2018-05-02T13:32:08.031Z] Time:          Wed May 02 2018 16:32:08 GMT+0300 (MSK)
[debug] [2018-05-02T13:32:08.031Z] ----------------------------------------------------------------------
[debug] 
[debug] [2018-05-02T13:32:08.039Z] > command requires scopes: ["email","openid","https://www.googleapis.com/auth/cloudplatformprojects.readonly","https://www.googleapis.com/auth/firebase","https://www.googleapis.com/auth/cloud-platform"]
[debug] [2018-05-02T13:32:08.039Z] > authorizing via signed-in user
[debug] [2018-05-02T13:32:08.040Z] >>> HTTP REQUEST GET https://admin.firebase.com/v1/projects/animals-bbfac  
  
 Wed May 02 2018 16:32:08 GMT+0300 (MSK)
[debug] [2018-05-02T13:32:08.827Z] <<< HTTP RESPONSE 200
[debug] [2018-05-02T13:32:08.827Z] >>> HTTP REQUEST GET https://admin.firebase.com/v1/database/animals-bbfac/tokens  
  
 Wed May 02 2018 16:32:08 GMT+0300 (MSK)
[debug] [2018-05-02T13:32:09.494Z] <<< HTTP RESPONSE 200
