[debug] [2018-05-02T05:51:20.668Z] ----------------------------------------------------------------------
[debug] [2018-05-02T05:51:20.670Z] Command:       /usr/local/Cellar/node/9.10.1/bin/node /usr/local/bin/firebase deploy
[debug] [2018-05-02T05:51:20.670Z] CLI Version:   3.18.4
[debug] [2018-05-02T05:51:20.670Z] Platform:      darwin
[debug] [2018-05-02T05:51:20.670Z] Node Version:  v9.10.1
[debug] [2018-05-02T05:51:20.671Z] Time:          Wed May 02 2018 08:51:20 GMT+0300 (MSK)
[debug] [2018-05-02T05:51:20.671Z] ----------------------------------------------------------------------
[debug] 
[debug] [2018-05-02T05:51:20.680Z] > command requires scopes: ["email","openid","https://www.googleapis.com/auth/cloudplatformprojects.readonly","https://www.googleapis.com/auth/firebase","https://www.googleapis.com/auth/cloud-platform"]
[debug] [2018-05-02T05:51:20.680Z] > authorizing via signed-in user
[debug] [2018-05-02T05:51:20.681Z] > refreshing access token with scopes: ["email","https://www.googleapis.com/auth/cloud-platform","https://www.googleapis.com/auth/cloudplatformprojects.readonly","https://www.googleapis.com/auth/firebase","openid"]
[debug] [2018-05-02T05:51:20.682Z] >>> HTTP REQUEST POST https://www.googleapis.com/oauth2/v3/token  
 { refresh_token: '1/zMtSAkXUtiI6-xZQldUWgvHF5Gl9jvbi0MlKawjYapM',
  client_id: '563584335869-fgrhgmd47bqnekij5i8b5pr03ho849e6.apps.googleusercontent.com',
  client_secret: 'j9iVZfS8kkCEFUPaAeJV0sAi',
  grant_type: 'refresh_token',
  scope: 'email https://www.googleapis.com/auth/cloud-platform https://www.googleapis.com/auth/cloudplatformprojects.readonly https://www.googleapis.com/auth/firebase openid' } 
 Wed May 02 2018 08:51:20 GMT+0300 (MSK)
[debug] [2018-05-02T05:51:20.866Z] <<< HTTP RESPONSE 200
[debug] [2018-05-02T05:51:20.886Z] >>> HTTP REQUEST GET https://admin.firebase.com/v1/projects/animals-bbfac  
  
 Wed May 02 2018 08:51:20 GMT+0300 (MSK)
[debug] [2018-05-02T05:51:21.717Z] <<< HTTP RESPONSE 200
[debug] [2018-05-02T05:51:21.718Z] >>> HTTP REQUEST GET https://admin.firebase.com/v1/database/animals-bbfac/tokens  
  
 Wed May 02 2018 08:51:21 GMT+0300 (MSK)
[debug] [2018-05-02T05:51:22.336Z] <<< HTTP RESPONSE 200
[debug] [2018-05-02T05:53:56.511Z] ----------------------------------------------------------------------
[debug] [2018-05-02T05:53:56.513Z] Command:       /usr/local/Cellar/node/9.10.1/bin/node /usr/local/bin/firebase deploy --only hosting
[debug] [2018-05-02T05:53:56.513Z] CLI Version:   3.18.4
[debug] [2018-05-02T05:53:56.513Z] Platform:      darwin
[debug] [2018-05-02T05:53:56.513Z] Node Version:  v9.10.1
[debug] [2018-05-02T05:53:56.514Z] Time:          Wed May 02 2018 08:53:56 GMT+0300 (MSK)
[debug] [2018-05-02T05:53:56.514Z] ----------------------------------------------------------------------
[debug] 
[debug] [2018-05-02T05:53:56.522Z] > command requires scopes: ["email","openid","https://www.googleapis.com/auth/cloudplatformprojects.readonly","https://www.googleapis.com/auth/firebase","https://www.googleapis.com/auth/cloud-platform"]
[debug] [2018-05-02T05:53:56.523Z] > authorizing via signed-in user
[debug] [2018-05-02T05:53:56.524Z] >>> HTTP REQUEST GET https://admin.firebase.com/v1/projects/animals-bbfac  
  
 Wed May 02 2018 08:53:56 GMT+0300 (MSK)
[debug] [2018-05-02T05:53:57.300Z] <<< HTTP RESPONSE 200
[debug] [2018-05-02T05:53:57.300Z] >>> HTTP REQUEST GET https://admin.firebase.com/v1/database/animals-bbfac/tokens  
  
 Wed May 02 2018 08:53:57 GMT+0300 (MSK)
[debug] [2018-05-02T05:53:57.985Z] <<< HTTP RESPONSE 200
